<?xml version="1.0" encoding="UTF-8"?>
<testsuite xmlns:xsi="http://www.w3.org/2001/XMLSchema-instance" xsi:noNamespaceSchemaLocation="https://maven.apache.org/surefire/maven-surefire-plugin/xsd/surefire-test-report.xsd" name="TestSuite" time="29.951" tests="3" errors="0" skipped="0" failures="0">
  <properties>
    <property name="sun.desktop" value="windows"/>
    <property name="awt.toolkit" value="sun.awt.windows.WToolkit"/>
    <property name="file.encoding.pkg" value="sun.io"/>
    <property name="java.specification.version" value="1.8"/>
    <property name="sun.cpu.isalist" value="amd64"/>
    <property name="sun.jnu.encoding" value="Cp1252"/>
    <property name="java.class.path" value="C:\Testing\backup\codebase\IDMFunctionalAutomation\target\test-classes;C:\Testing\backup\codebase\IDMFunctionalAutomation\target\classes;C:\Users\vinitg\.m2\repository\org\seleniumhq\selenium\selenium-java\3.14.0\selenium-java-3.14.0.jar;C:\Users\vinitg\.m2\repository\org\seleniumhq\selenium\selenium-api\3.14.0\selenium-api-3.14.0.jar;C:\Users\vinitg\.m2\repository\org\seleniumhq\selenium\selenium-chrome-driver\3.14.0\selenium-chrome-driver-3.14.0.jar;C:\Users\vinitg\.m2\repository\org\seleniumhq\selenium\selenium-edge-driver\3.14.0\selenium-edge-driver-3.14.0.jar;C:\Users\vinitg\.m2\repository\org\seleniumhq\selenium\selenium-firefox-driver\3.14.0\selenium-firefox-driver-3.14.0.jar;C:\Users\vinitg\.m2\repository\org\seleniumhq\selenium\selenium-ie-driver\3.14.0\selenium-ie-driver-3.14.0.jar;C:\Users\vinitg\.m2\repository\org\seleniumhq\selenium\selenium-opera-driver\3.14.0\selenium-opera-driver-3.14.0.jar;C:\Users\vinitg\.m2\repository\org\seleniumhq\selenium\selenium-remote-driver\3.14.0\selenium-remote-driver-3.14.0.jar;C:\Users\vinitg\.m2\repository\org\seleniumhq\selenium\selenium-safari-driver\3.14.0\selenium-safari-driver-3.14.0.jar;C:\Users\vinitg\.m2\repository\org\seleniumhq\selenium\selenium-support\3.14.0\selenium-support-3.14.0.jar;C:\Users\vinitg\.m2\repository\net\bytebuddy\byte-buddy\1.8.15\byte-buddy-1.8.15.jar;C:\Users\vinitg\.m2\repository\org\apache\commons\commons-exec\1.3\commons-exec-1.3.jar;C:\Users\vinitg\.m2\repository\commons-codec\commons-codec\1.10\commons-codec-1.10.jar;C:\Users\vinitg\.m2\repository\commons-logging\commons-logging\1.2\commons-logging-1.2.jar;C:\Users\vinitg\.m2\repository\com\google\guava\guava\25.0-jre\guava-25.0-jre.jar;C:\Users\vinitg\.m2\repository\com\google\code\findbugs\jsr305\1.3.9\jsr305-1.3.9.jar;C:\Users\vinitg\.m2\repository\org\checkerframework\checker-compat-qual\2.0.0\checker-compat-qual-2.0.0.jar;C:\Users\vinitg\.m2\repository\com\google\errorprone\error_prone_annotations\2.1.3\error_prone_annotations-2.1.3.jar;C:\Users\vinitg\.m2\repository\com\google\j2objc\j2objc-annotations\1.1\j2objc-annotations-1.1.jar;C:\Users\vinitg\.m2\repository\org\codehaus\mojo\animal-sniffer-annotations\1.14\animal-sniffer-annotations-1.14.jar;C:\Users\vinitg\.m2\repository\org\apache\httpcomponents\httpclient\4.5.5\httpclient-4.5.5.jar;C:\Users\vinitg\.m2\repository\org\apache\httpcomponents\httpcore\4.4.9\httpcore-4.4.9.jar;C:\Users\vinitg\.m2\repository\com\squareup\okhttp3\okhttp\3.10.0\okhttp-3.10.0.jar;C:\Users\vinitg\.m2\repository\com\squareup\okio\okio\1.14.1\okio-1.14.1.jar;C:\Users\vinitg\.m2\repository\org\seleniumhq\selenium\selenium-htmlunit-driver\2.52.0\selenium-htmlunit-driver-2.52.0.jar;C:\Users\vinitg\.m2\repository\net\sourceforge\htmlunit\htmlunit\2.18\htmlunit-2.18.jar;C:\Users\vinitg\.m2\repository\net\sourceforge\nekohtml\nekohtml\1.9.22\nekohtml-1.9.22.jar;C:\Users\vinitg\.m2\repository\commons-collections\commons-collections\3.2.2\commons-collections-3.2.2.jar;C:\Users\vinitg\.m2\repository\org\seleniumhq\selenium\selenium-server\3.9.1\selenium-server-3.9.1.jar;C:\Users\vinitg\.m2\repository\com\beust\jcommander\1.72\jcommander-1.72.jar;C:\Users\vinitg\.m2\repository\org\apache\commons\commons-lang3\3.7\commons-lang3-3.7.jar;C:\Users\vinitg\.m2\repository\org\apache\commons\commons-text\1.1\commons-text-1.1.jar;C:\Users\vinitg\.m2\repository\commons-io\commons-io\2.6\commons-io-2.6.jar;C:\Users\vinitg\.m2\repository\commons-net\commons-net\3.6\commons-net-3.6.jar;C:\Users\vinitg\.m2\repository\org\w3c\css\sac\1.3\sac-1.3.jar;C:\Users\vinitg\.m2\repository\net\sourceforge\cssparser\cssparser\0.9.24\cssparser-0.9.24.jar;C:\Users\vinitg\.m2\repository\com\google\code\gson\gson\2.8.2\gson-2.8.2.jar;C:\Users\vinitg\.m2\repository\net\sourceforge\htmlunit\htmlunit-core-js\2.28\htmlunit-core-js-2.28.jar;C:\Users\vinitg\.m2\repository\net\sourceforge\htmlunit\neko-htmlunit\2.28\neko-htmlunit-2.28.jar;C:\Users\vinitg\.m2\repository\org\apache\httpcomponents\httpmime\4.5.3\httpmime-4.5.3.jar;C:\Users\vinitg\.m2\repository\net\jcip\jcip-annotations\1.0\jcip-annotations-1.0.jar;C:\Users\vinitg\.m2\repository\org\seleniumhq\selenium\jetty-repacked\9.4.7.v20171121\jetty-repacked-9.4.7.v20171121.jar;C:\Users\vinitg\.m2\repository\org\eclipse\jetty\jetty-client\9.4.7.v20170914\jetty-client-9.4.7.v20170914.jar;C:\Users\vinitg\.m2\repository\org\eclipse\jetty\jetty-http\9.4.8.v20171121\jetty-http-9.4.8.v20171121.jar;C:\Users\vinitg\.m2\repository\org\eclipse\jetty\jetty-io\9.4.8.v20171121\jetty-io-9.4.8.v20171121.jar;C:\Users\vinitg\.m2\repository\org\eclipse\jetty\jetty-util\9.4.8.v20171121\jetty-util-9.4.8.v20171121.jar;C:\Users\vinitg\.m2\repository\org\eclipse\jetty\jetty-xml\9.4.7.v20170914\jetty-xml-9.4.7.v20170914.jar;C:\Users\vinitg\.m2\repository\org\seleniumhq\selenium\htmlunit-driver\2.29.0\htmlunit-driver-2.29.0.jar;C:\Users\vinitg\.m2\repository\javax\servlet\javax.servlet-api\3.1.0\javax.servlet-api-3.1.0.jar;C:\Users\vinitg\.m2\repository\org\eclipse\jetty\websocket\websocket-api\9.4.7.v20170914\websocket-api-9.4.7.v20170914.jar;C:\Users\vinitg\.m2\repository\org\eclipse\jetty\websocket\websocket-client\9.4.7.v20170914\websocket-client-9.4.7.v20170914.jar;C:\Users\vinitg\.m2\repository\org\eclipse\jetty\websocket\websocket-common\9.4.7.v20170914\websocket-common-9.4.7.v20170914.jar;C:\Users\vinitg\.m2\repository\xalan\serializer\2.7.2\serializer-2.7.2.jar;C:\Users\vinitg\.m2\repository\xalan\xalan\2.7.2\xalan-2.7.2.jar;C:\Users\vinitg\.m2\repository\xerces\xercesImpl\2.11.0\xercesImpl-2.11.0.jar;C:\Users\vinitg\.m2\repository\xml-apis\xml-apis\1.4.01\xml-apis-1.4.01.jar;C:\Users\vinitg\.m2\repository\org\yaml\snakeyaml\1.19\snakeyaml-1.19.jar;C:\Users\vinitg\.m2\repository\org\testng\testng\6.14.3\testng-6.14.3.jar;C:\Users\vinitg\.m2\repository\org\apache-extras\beanshell\bsh\2.0b6\bsh-2.0b6.jar;C:\Users\vinitg\.m2\repository\com\opencsv\opencsv\4.4\opencsv-4.4.jar;C:\Users\vinitg\.m2\repository\commons-beanutils\commons-beanutils\1.9.3\commons-beanutils-1.9.3.jar;C:\Users\vinitg\.m2\repository\org\apache\commons\commons-collections4\4.2\commons-collections4-4.2.jar;C:\Users\vinitg\.m2\repository\org\apache\poi\poi\4.0.0\poi-4.0.0.jar;C:\Users\vinitg\.m2\repository\org\apache\poi\poi-ooxml\4.0.0\poi-ooxml-4.0.0.jar;C:\Users\vinitg\.m2\repository\org\apache\poi\poi-ooxml-schemas\4.0.0\poi-ooxml-schemas-4.0.0.jar;C:\Users\vinitg\.m2\repository\org\apache\xmlbeans\xmlbeans\3.0.1\xmlbeans-3.0.1.jar;C:\Users\vinitg\.m2\repository\org\apache\commons\commons-compress\1.18\commons-compress-1.18.jar;C:\Users\vinitg\.m2\repository\com\github\virtuald\curvesapi\1.04\curvesapi-1.04.jar;C:\Users\vinitg\.m2\repository\com\relevantcodes\extentreports\2.41.2\extentreports-2.41.2.jar;C:\Users\vinitg\.m2\repository\org\jsoup\jsoup\1.8.3\jsoup-1.8.3.jar;C:\Users\vinitg\.m2\repository\org\xerial\sqlite-jdbc\3.8.11.1\sqlite-jdbc-3.8.11.1.jar;C:\Users\vinitg\.m2\repository\org\freemarker\freemarker\2.3.23\freemarker-2.3.23.jar;C:\Users\vinitg\.m2\repository\org\mongodb\mongodb-driver\3.0.4\mongodb-driver-3.0.4.jar;C:\Users\vinitg\.m2\repository\org\mongodb\bson\3.0.4\bson-3.0.4.jar;C:\Users\vinitg\.m2\repository\org\mongodb\mongodb-driver-core\3.0.4\mongodb-driver-core-3.0.4.jar;C:\Users\vinitg\.m2\repository\net\sourceforge\jexcelapi\jxl\2.6.12\jxl-2.6.12.jar;C:\Users\vinitg\.m2\repository\log4j\log4j\1.2.14\log4j-1.2.14.jar;C:\Users\vinitg\.m2\repository\javax\mail\javax.mail-api\1.6.2\javax.mail-api-1.6.2.jar;C:\Users\vinitg\.m2\repository\javax\mail\mail\1.4.5\mail-1.4.5.jar;C:\Users\vinitg\.m2\repository\javax\activation\activation\1.1\activation-1.1.jar;C:\Users\vinitg\.m2\repository\org\apache\maven\surefire\surefire-testng-utils\2.21.0\surefire-testng-utils-2.21.0.jar;C:\Users\vinitg\.m2\repository\org\apache\maven\surefire\surefire-grouper\2.21.0\surefire-grouper-2.21.0.jar;"/>
    <property name="java.vm.vendor" value="Oracle Corporation"/>
    <property name="sun.arch.data.model" value="64"/>
    <property name="user.variant" value=""/>
    <property name="java.vendor.url" value="http://java.oracle.com/"/>
    <property name="user.timezone" value=""/>
    <property name="java.vm.specification.version" value="1.8"/>
    <property name="os.name" value="Windows 10"/>
    <property name="user.country" value="US"/>
    <property name="sun.java.launcher" value="SUN_STANDARD"/>
    <property name="sun.boot.library.path" value="C:\Program Files\Java\jdk1.8.0_144\jre\bin"/>
    <property name="sun.java.command" value="C:\Users\vinitg\AppData\Local\Temp\surefire8213078985053457877\surefirebooter1067726457826316482.jar C:\Users\vinitg\AppData\Local\Temp\surefire8213078985053457877 2019-10-09T10-30-33_515-jvmRun1 surefire1470875974832103749tmp surefire_01429480931947848533tmp"/>
    <property name="surefire.test.class.path" value="C:\Testing\backup\codebase\IDMFunctionalAutomation\target\test-classes;C:\Testing\backup\codebase\IDMFunctionalAutomation\target\classes;C:\Users\vinitg\.m2\repository\org\seleniumhq\selenium\selenium-java\3.14.0\selenium-java-3.14.0.jar;C:\Users\vinitg\.m2\repository\org\seleniumhq\selenium\selenium-api\3.14.0\selenium-api-3.14.0.jar;C:\Users\vinitg\.m2\repository\org\seleniumhq\selenium\selenium-chrome-driver\3.14.0\selenium-chrome-driver-3.14.0.jar;C:\Users\vinitg\.m2\repository\org\seleniumhq\selenium\selenium-edge-driver\3.14.0\selenium-edge-driver-3.14.0.jar;C:\Users\vinitg\.m2\repository\org\seleniumhq\selenium\selenium-firefox-driver\3.14.0\selenium-firefox-driver-3.14.0.jar;C:\Users\vinitg\.m2\repository\org\seleniumhq\selenium\selenium-ie-driver\3.14.0\selenium-ie-driver-3.14.0.jar;C:\Users\vinitg\.m2\repository\org\seleniumhq\selenium\selenium-opera-driver\3.14.0\selenium-opera-driver-3.14.0.jar;C:\Users\vinitg\.m2\repository\org\seleniumhq\selenium\selenium-remote-driver\3.14.0\selenium-remote-driver-3.14.0.jar;C:\Users\vinitg\.m2\repository\org\seleniumhq\selenium\selenium-safari-driver\3.14.0\selenium-safari-driver-3.14.0.jar;C:\Users\vinitg\.m2\repository\org\seleniumhq\selenium\selenium-support\3.14.0\selenium-support-3.14.0.jar;C:\Users\vinitg\.m2\repository\net\bytebuddy\byte-buddy\1.8.15\byte-buddy-1.8.15.jar;C:\Users\vinitg\.m2\repository\org\apache\commons\commons-exec\1.3\commons-exec-1.3.jar;C:\Users\vinitg\.m2\repository\commons-codec\commons-codec\1.10\commons-codec-1.10.jar;C:\Users\vinitg\.m2\repository\commons-logging\commons-logging\1.2\commons-logging-1.2.jar;C:\Users\vinitg\.m2\repository\com\google\guava\guava\25.0-jre\guava-25.0-jre.jar;C:\Users\vinitg\.m2\repository\com\google\code\findbugs\jsr305\1.3.9\jsr305-1.3.9.jar;C:\Users\vinitg\.m2\repository\org\checkerframework\checker-compat-qual\2.0.0\checker-compat-qual-2.0.0.jar;C:\Users\vinitg\.m2\repository\com\google\errorprone\error_prone_annotations\2.1.3\error_prone_annotations-2.1.3.jar;C:\Users\vinitg\.m2\repository\com\google\j2objc\j2objc-annotations\1.1\j2objc-annotations-1.1.jar;C:\Users\vinitg\.m2\repository\org\codehaus\mojo\animal-sniffer-annotations\1.14\animal-sniffer-annotations-1.14.jar;C:\Users\vinitg\.m2\repository\org\apache\httpcomponents\httpclient\4.5.5\httpclient-4.5.5.jar;C:\Users\vinitg\.m2\repository\org\apache\httpcomponents\httpcore\4.4.9\httpcore-4.4.9.jar;C:\Users\vinitg\.m2\repository\com\squareup\okhttp3\okhttp\3.10.0\okhttp-3.10.0.jar;C:\Users\vinitg\.m2\repository\com\squareup\okio\okio\1.14.1\okio-1.14.1.jar;C:\Users\vinitg\.m2\repository\org\seleniumhq\selenium\selenium-htmlunit-driver\2.52.0\selenium-htmlunit-driver-2.52.0.jar;C:\Users\vinitg\.m2\repository\net\sourceforge\htmlunit\htmlunit\2.18\htmlunit-2.18.jar;C:\Users\vinitg\.m2\repository\net\sourceforge\nekohtml\nekohtml\1.9.22\nekohtml-1.9.22.jar;C:\Users\vinitg\.m2\repository\commons-collections\commons-collections\3.2.2\commons-collections-3.2.2.jar;C:\Users\vinitg\.m2\repository\org\seleniumhq\selenium\selenium-server\3.9.1\selenium-server-3.9.1.jar;C:\Users\vinitg\.m2\repository\com\beust\jcommander\1.72\jcommander-1.72.jar;C:\Users\vinitg\.m2\repository\org\apache\commons\commons-lang3\3.7\commons-lang3-3.7.jar;C:\Users\vinitg\.m2\repository\org\apache\commons\commons-text\1.1\commons-text-1.1.jar;C:\Users\vinitg\.m2\repository\commons-io\commons-io\2.6\commons-io-2.6.jar;C:\Users\vinitg\.m2\repository\commons-net\commons-net\3.6\commons-net-3.6.jar;C:\Users\vinitg\.m2\repository\org\w3c\css\sac\1.3\sac-1.3.jar;C:\Users\vinitg\.m2\repository\net\sourceforge\cssparser\cssparser\0.9.24\cssparser-0.9.24.jar;C:\Users\vinitg\.m2\repository\com\google\code\gson\gson\2.8.2\gson-2.8.2.jar;C:\Users\vinitg\.m2\repository\net\sourceforge\htmlunit\htmlunit-core-js\2.28\htmlunit-core-js-2.28.jar;C:\Users\vinitg\.m2\repository\net\sourceforge\htmlunit\neko-htmlunit\2.28\neko-htmlunit-2.28.jar;C:\Users\vinitg\.m2\repository\org\apache\httpcomponents\httpmime\4.5.3\httpmime-4.5.3.jar;C:\Users\vinitg\.m2\repository\net\jcip\jcip-annotations\1.0\jcip-annotations-1.0.jar;C:\Users\vinitg\.m2\repository\org\seleniumhq\selenium\jetty-repacked\9.4.7.v20171121\jetty-repacked-9.4.7.v20171121.jar;C:\Users\vinitg\.m2\repository\org\eclipse\jetty\jetty-client\9.4.7.v20170914\jetty-client-9.4.7.v20170914.jar;C:\Users\vinitg\.m2\repository\org\eclipse\jetty\jetty-http\9.4.8.v20171121\jetty-http-9.4.8.v20171121.jar;C:\Users\vinitg\.m2\repository\org\eclipse\jetty\jetty-io\9.4.8.v20171121\jetty-io-9.4.8.v20171121.jar;C:\Users\vinitg\.m2\repository\org\eclipse\jetty\jetty-util\9.4.8.v20171121\jetty-util-9.4.8.v20171121.jar;C:\Users\vinitg\.m2\repository\org\eclipse\jetty\jetty-xml\9.4.7.v20170914\jetty-xml-9.4.7.v20170914.jar;C:\Users\vinitg\.m2\repository\org\seleniumhq\selenium\htmlunit-driver\2.29.0\htmlunit-driver-2.29.0.jar;C:\Users\vinitg\.m2\repository\javax\servlet\javax.servlet-api\3.1.0\javax.servlet-api-3.1.0.jar;C:\Users\vinitg\.m2\repository\org\eclipse\jetty\websocket\websocket-api\9.4.7.v20170914\websocket-api-9.4.7.v20170914.jar;C:\Users\vinitg\.m2\repository\org\eclipse\jetty\websocket\websocket-client\9.4.7.v20170914\websocket-client-9.4.7.v20170914.jar;C:\Users\vinitg\.m2\repository\org\eclipse\jetty\websocket\websocket-common\9.4.7.v20170914\websocket-common-9.4.7.v20170914.jar;C:\Users\vinitg\.m2\repository\xalan\serializer\2.7.2\serializer-2.7.2.jar;C:\Users\vinitg\.m2\repository\xalan\xalan\2.7.2\xalan-2.7.2.jar;C:\Users\vinitg\.m2\repository\xerces\xercesImpl\2.11.0\xercesImpl-2.11.0.jar;C:\Users\vinitg\.m2\repository\xml-apis\xml-apis\1.4.01\xml-apis-1.4.01.jar;C:\Users\vinitg\.m2\repository\org\yaml\snakeyaml\1.19\snakeyaml-1.19.jar;C:\Users\vinitg\.m2\repository\org\testng\testng\6.14.3\testng-6.14.3.jar;C:\Users\vinitg\.m2\repository\org\apache-extras\beanshell\bsh\2.0b6\bsh-2.0b6.jar;C:\Users\vinitg\.m2\repository\com\opencsv\opencsv\4.4\opencsv-4.4.jar;C:\Users\vinitg\.m2\repository\commons-beanutils\commons-beanutils\1.9.3\commons-beanutils-1.9.3.jar;C:\Users\vinitg\.m2\repository\org\apache\commons\commons-collections4\4.2\commons-collections4-4.2.jar;C:\Users\vinitg\.m2\repository\org\apache\poi\poi\4.0.0\poi-4.0.0.jar;C:\Users\vinitg\.m2\repository\org\apache\poi\poi-ooxml\4.0.0\poi-ooxml-4.0.0.jar;C:\Users\vinitg\.m2\repository\org\apache\poi\poi-ooxml-schemas\4.0.0\poi-ooxml-schemas-4.0.0.jar;C:\Users\vinitg\.m2\repository\org\apache\xmlbeans\xmlbeans\3.0.1\xmlbeans-3.0.1.jar;C:\Users\vinitg\.m2\repository\org\apache\commons\commons-compress\1.18\commons-compress-1.18.jar;C:\Users\vinitg\.m2\repository\com\github\virtuald\curvesapi\1.04\curvesapi-1.04.jar;C:\Users\vinitg\.m2\repository\com\relevantcodes\extentreports\2.41.2\extentreports-2.41.2.jar;C:\Users\vinitg\.m2\repository\org\jsoup\jsoup\1.8.3\jsoup-1.8.3.jar;C:\Users\vinitg\.m2\repository\org\xerial\sqlite-jdbc\3.8.11.1\sqlite-jdbc-3.8.11.1.jar;C:\Users\vinitg\.m2\repository\org\freemarker\freemarker\2.3.23\freemarker-2.3.23.jar;C:\Users\vinitg\.m2\repository\org\mongodb\mongodb-driver\3.0.4\mongodb-driver-3.0.4.jar;C:\Users\vinitg\.m2\repository\org\mongodb\bson\3.0.4\bson-3.0.4.jar;C:\Users\vinitg\.m2\repository\org\mongodb\mongodb-driver-core\3.0.4\mongodb-driver-core-3.0.4.jar;C:\Users\vinitg\.m2\repository\net\sourceforge\jexcelapi\jxl\2.6.12\jxl-2.6.12.jar;C:\Users\vinitg\.m2\repository\log4j\log4j\1.2.14\log4j-1.2.14.jar;C:\Users\vinitg\.m2\repository\javax\mail\javax.mail-api\1.6.2\javax.mail-api-1.6.2.jar;C:\Users\vinitg\.m2\repository\javax\mail\mail\1.4.5\mail-1.4.5.jar;C:\Users\vinitg\.m2\repository\javax\activation\activation\1.1\activation-1.1.jar;C:\Users\vinitg\.m2\repository\org\apache\maven\surefire\surefire-testng-utils\2.21.0\surefire-testng-utils-2.21.0.jar;C:\Users\vinitg\.m2\repository\org\apache\maven\surefire\surefire-grouper\2.21.0\surefire-grouper-2.21.0.jar;"/>
    <property name="sun.cpu.endian" value="little"/>
    <property name="user.home" value="C:\Users\vinitg"/>
    <property name="user.language" value="en"/>
    <property name="java.specification.vendor" value="Oracle Corporation"/>
    <property name="java.home" value="C:\Program Files\Java\jdk1.8.0_144\jre"/>
    <property name="basedir" value="C:\Testing\backup\codebase\IDMFunctionalAutomation"/>
    <property name="file.separator" value="\"/>
    <property name="line.separator" value="&#10;"/>
    <property name="java.vm.specification.vendor" value="Oracle Corporation"/>
    <property name="java.specification.name" value="Java Platform API Specification"/>
    <property name="java.awt.graphicsenv" value="sun.awt.Win32GraphicsEnvironment"/>
    <property name="surefire.real.class.path" value="C:\Users\vinitg\AppData\Local\Temp\surefire8213078985053457877\surefirebooter1067726457826316482.jar"/>
    <property name="sun.boot.class.path" value="C:\Program Files\Java\jdk1.8.0_144\jre\lib\resources.jar;C:\Program Files\Java\jdk1.8.0_144\jre\lib\rt.jar;C:\Program Files\Java\jdk1.8.0_144\jre\lib\sunrsasign.jar;C:\Program Files\Java\jdk1.8.0_144\jre\lib\jsse.jar;C:\Program Files\Java\jdk1.8.0_144\jre\lib\jce.jar;C:\Program Files\Java\jdk1.8.0_144\jre\lib\charsets.jar;C:\Program Files\Java\jdk1.8.0_144\jre\lib\jfr.jar;C:\Program Files\Java\jdk1.8.0_144\jre\classes"/>
    <property name="user.script" value=""/>
    <property name="sun.management.compiler" value="HotSpot 64-Bit Tiered Compilers"/>
    <property name="java.runtime.version" value="1.8.0_144-b01"/>
    <property name="user.name" value="vinitg"/>
    <property name="path.separator" value=";"/>
    <property name="os.version" value="10.0"/>
    <property name="java.endorsed.dirs" value="C:\Program Files\Java\jdk1.8.0_144\jre\lib\endorsed"/>
    <property name="java.runtime.name" value="Java(TM) SE Runtime Environment"/>
    <property name="file.encoding" value="Cp1252"/>
    <property name="java.vm.name" value="Java HotSpot(TM) 64-Bit Server VM"/>
    <property name="localRepository" value="C:\Users\vinitg\.m2\repository"/>
    <property name="java.vendor.url.bug" value="http://bugreport.sun.com/bugreport/"/>
    <property name="java.io.tmpdir" value="C:\Users\vinitg\AppData\Local\Temp\"/>
    <property name="java.version" value="1.8.0_144"/>
    <property name="user.dir" value="C:\Testing\backup\codebase\IDMFunctionalAutomation"/>
    <property name="os.arch" value="amd64"/>
    <property name="java.vm.specification.name" value="Java Virtual Machine Specification"/>
    <property name="java.awt.printerjob" value="sun.awt.windows.WPrinterJob"/>
    <property name="sun.os.patch.level" value=""/>
    <property name="java.library.path" value="C:\Program Files\Java\jdk1.8.0_144\jre\bin;C:\WINDOWS\Sun\Java\bin;C:\WINDOWS\system32;C:\WINDOWS;C:\Users\vinitg\bin;C:\Program Files\Git\mingw64\bin;C:\Program Files\Git\usr\local\bin;C:\Program Files\Git\usr\bin;C:\Program Files\Git\usr\bin;C:\Program Files\Git\mingw64\bin;C:\Program Files\Git\usr\bin;C:\Users\vinitg\bin;C:\ProgramData\Oracle\Java\javapath;C:\Program Files (x86)\RSA SecurID Token Common;C:\Program Files\RSA SecurID Token Common;C:\WINDOWS\system32;C:\WINDOWS;C:\WINDOWS\System32\Wbem;C:\WINDOWS\System32\WindowsPowerShell\v1.0;C:\WINDOWS\System32\OpenSSH;C:\WINDOWS\CCM;C:\WINDOWS\CCM;C:\Program Files (x86)\Symantec\VIP Access Client;C:\Program Files (x86)\Intel\Intel(R) Management Engine Components\DAL;C:\Program Files\Intel\Intel(R) Management Engine Components\DAL;C:\Program Files\Intel\WiFi\bin;C:\Program Files\Common Files\Intel\WirelessCommon;C:\Program Files\PuTTY;C:\Program Files\Git\cmd;C:\D\apache-maven-3.5.0\bin;C:\D\apache-maven-3.5.0;C:\Program Files\Java\jdk1.8.0_144;C:\Program Files\Java\jdk1.8.0_144\bin;C:\work\IDMNew\Covisint\Tools\CloudFoundry;C:\Program Files\RSA SecurID Token Common;C:\Program Files\Git\usr\bin\vendor_perl;C:\Program Files\Git\usr\bin\core_perl;."/>
    <property name="java.vm.info" value="mixed mode"/>
    <property name="java.vendor" value="Oracle Corporation"/>
    <property name="java.vm.version" value="25.144-b01"/>
    <property name="java.ext.dirs" value="C:\Program Files\Java\jdk1.8.0_144\jre\lib\ext;C:\WINDOWS\Sun\Java\lib\ext"/>
    <property name="sun.io.unicode.encoding" value="UnicodeLittle"/>
    <property name="java.class.version" value="52.0"/>
  </properties>
  <testcase name="executSessionThree" classname="com.testng.ParallelExecution" time="24.983"/>
  <testcase name="executSessionOne" classname="com.testng.ParallelExecution" time="27.65"/>
  <testcase name="executeSessionTwo" classname="com.testng.ParallelExecution" time="29.238"/>
</testsuite>