<?xml version="1.0" encoding="UTF-8"?>
<!-- Generated by org.testng.reporters.JUnitReportReporter -->
<testsuite skipped="0" hostname="VINITGPF0TUCZM" name="com.idm.ui.basic.WaitInSelenium" tests="1" failures="0" timestamp="09 Oct 2019 18:05:40 GMT" time="6.649" errors="0">
  <testcase name="implicitWait" time="6.649" classname="com.idm.ui.basic.WaitInSelenium"/>
</testsuite> <!-- com.idm.ui.basic.WaitInSelenium -->
