<?xml version="1.0" encoding="UTF-8"?>
<!-- Generated by org.testng.reporters.JUnitReportReporter -->
<testsuite skipped="0" hostname="VINITGPF0TUCZM" name="com.idm.ui.BrokenLink" tests="1" failures="0" timestamp="02 Oct 2019 10:15:08 GMT" time="21.890" errors="0">
  <testcase name="test" time="21.890" classname="com.idm.ui.BrokenLink"/>
</testsuite> <!-- com.idm.ui.BrokenLink -->
