<?xml version="1.0" encoding="UTF-8"?>
<!-- Generated by org.testng.reporters.JUnitReportReporter -->
<testsuite skipped="0" hostname="VINITGPF0TUCZM" name="com.idm.ui.basic.LearnSeleniumBaseClass" tests="1" failures="0" timestamp="07 Oct 2019 12:53:28 GMT" time="10.302" errors="0">
  <testcase name="getCoordinatesDimensionCSSValuesOfTextBox" time="10.302" classname="com.idm.ui.basic.LearnSeleniumBaseClass"/>
</testsuite> <!-- com.idm.ui.basic.LearnSeleniumBaseClass -->
