<?xml version="1.0" encoding="UTF-8"?>
<!-- Generated by org.testng.reporters.JUnitReportReporter -->
<testsuite skipped="0" hostname="VINITGPF0TUCZM" name="readExcel.ReadAndWriteExcelUsingPOI" tests="1" failures="0" timestamp="01 Oct 2019 08:56:27 GMT" time="0.438" errors="0">
  <testcase name="readExcelUsingPOI" time="0.438" classname="readExcel.ReadAndWriteExcelUsingPOI"/>
</testsuite> <!-- readExcel.ReadAndWriteExcelUsingPOI -->
