<?xml version="1.0" encoding="UTF-8"?>
<!-- Generated by org.testng.reporters.JUnitReportReporter -->
<testsuite skipped="0" hostname="VINITGPF0TUCZM" name="com.idm.generic.ExtentReport2" tests="1" failures="0" timestamp="01 Oct 2019 14:48:47 GMT" time="4.900" errors="0">
  <testcase name="extentReportsDemo" time="4.900" classname="com.idm.generic.ExtentReport2"/>
</testsuite> <!-- com.idm.generic.ExtentReport2 -->
