<?xml version="1.0" encoding="UTF-8"?>
<!-- Generated by org.testng.reporters.JUnitReportReporter -->
<testsuite skipped="0" hostname="VINITGPF0TUCZM" name="com.idm.ui.HandleCalender" tests="1" failures="0" timestamp="02 Oct 2019 08:45:44 GMT" time="6.979" errors="0">
  <testcase name="test1" time="6.979" classname="com.idm.ui.HandleCalender"/>
</testsuite> <!-- com.idm.ui.HandleCalender -->
