<?xml version="1.0" encoding="UTF-8"?>
<!-- Generated by org.testng.reporters.JUnitReportReporter -->
<testsuite skipped="0" hostname="VINITGPF0TUCZM" name="com.idm.ui.HandleTables" tests="1" failures="0" timestamp="02 Oct 2019 07:51:05 GMT" time="7.090" errors="0">
  <testcase name="test0" time="7.090" classname="com.idm.ui.HandleTables"/>
</testsuite> <!-- com.idm.ui.HandleTables -->
