<?xml version="1.0" encoding="UTF-8"?>
<!-- Generated by org.testng.reporters.JUnitReportReporter -->
<testsuite skipped="0" hostname="VINITGPF0TUCZM" name="com.pageObjectModel.TestClass" tests="1" failures="0" timestamp="01 Oct 2019 14:10:17 GMT" time="8.042" errors="0">
  <testcase name="drapANdDropUsingActionClass" time="8.042" classname="com.pageObjectModel.TestClass"/>
</testsuite> <!-- com.pageObjectModel.TestClass -->
