<?xml version="1.0" encoding="UTF-8"?>
<!-- Generated by org.testng.reporters.JUnitReportReporter -->
<testsuite skipped="0" hostname="VINITGPF0TUCZM" name="com.idm.ui.basic.LearnSeleniumBaseClass" tests="1" failures="0" timestamp="29 Oct 2019 10:48:36 GMT" time="7.217" errors="0">
  <testcase name="basicFirefoxProgWithTitle" time="7.217" classname="com.idm.ui.basic.LearnSeleniumBaseClass"/>
</testsuite> <!-- com.idm.ui.basic.LearnSeleniumBaseClass -->
