<?xml version="1.0" encoding="UTF-8"?>
<!-- Generated by org.testng.reporters.JUnitReportReporter -->
<testsuite skipped="0" hostname="VINITGPF0TUCZM" name="com.idm.ui.basic.HandleJavascript" tests="1" failures="0" timestamp="08 Oct 2019 03:48:56 GMT" time="8.722" errors="0">
  <testcase name="scrollIntoViewUsingjavaScript" time="8.722" classname="com.idm.ui.basic.HandleJavascript"/>
</testsuite> <!-- com.idm.ui.basic.HandleJavascript -->
