<?xml version="1.0" encoding="UTF-8"?>
<!-- Generated by org.testng.reporters.JUnitReportReporter -->
<testsuite skipped="0" hostname="VINITGPF0TUCZM" name="com.testng.ParallelExecution" tests="3" failures="0" timestamp="09 Oct 2019 04:59:17 GMT" time="22.569" errors="0">
  <testcase name="executeSessionTwo" time="8.660" classname="com.testng.ParallelExecution"/>
  <testcase name="executSessionOne" time="9.283" classname="com.testng.ParallelExecution"/>
  <testcase name="executSessionThree" time="4.626" classname="com.testng.ParallelExecution"/>
</testsuite> <!-- com.testng.ParallelExecution -->
