<?xml version="1.0" encoding="UTF-8"?>
<!-- Generated by org.testng.reporters.JUnitReportReporter -->
<testsuite skipped="0" hostname="VINITGPF0TUCZM" name="snippets.java.LoopsNSwitchCase" tests="1" failures="0" timestamp="06 Oct 2019 11:59:45 GMT" time="0.009" errors="0">
  <testcase name="switchcase" time="0.009" classname="snippets.java.LoopsNSwitchCase"/>
</testsuite> <!-- snippets.java.LoopsNSwitchCase -->
