<?xml version="1.0" encoding="UTF-8"?>
<!-- Generated by org.testng.reporters.JUnitReportReporter -->
<testsuite skipped="0" hostname="VINITGPF0TUCZM" name="com.idm.ui.basic.ActionClass" tests="1" failures="0" timestamp="08 Oct 2019 04:24:16 GMT" time="5.236" errors="0">
  <testcase name="testContextClick" time="5.236" classname="com.idm.ui.basic.ActionClass"/>
</testsuite> <!-- com.idm.ui.basic.ActionClass -->
