<?xml version="1.0" encoding="UTF-8"?>
<!-- Generated by org.testng.reporters.JUnitReportReporter -->
<testsuite skipped="0" hostname="VINITGPF0TUCZM" name="com.idm.testng.TestSeleniumUsingCommandPrompt" tests="3" failures="0" timestamp="02 Oct 2019 11:47:19 GMT" time="0.000" errors="0">
  <testcase name="test2" time="0.000" classname="com.idm.testng.TestSeleniumUsingCommandPrompt"/>
  <testcase name="test1" time="0.000" classname="com.idm.testng.TestSeleniumUsingCommandPrompt"/>
  <testcase name="test3" time="0.000" classname="com.idm.testng.TestSeleniumUsingCommandPrompt"/>
</testsuite> <!-- com.idm.testng.TestSeleniumUsingCommandPrompt -->
