<?xml version="1.0" encoding="UTF-8"?>
<!-- Generated by org.testng.reporters.JUnitReportReporter -->
<testsuite skipped="0" hostname="VINITGPF0TUCZM" name="com.idm.generic.ExtentReport" tests="5" failures="0" timestamp="01 Oct 2019 14:53:33 GMT" time="0.008" errors="0">
  <testcase name="test5" time="0.001" classname="com.idm.generic.ExtentReport"/>
  <testcase name="test1" time="0.004" classname="com.idm.generic.ExtentReport"/>
  <testcase name="test3" time="0.001" classname="com.idm.generic.ExtentReport"/>
  <testcase name="test2" time="0.001" classname="com.idm.generic.ExtentReport"/>
  <testcase name="test4" time="0.001" classname="com.idm.generic.ExtentReport"/>
</testsuite> <!-- com.idm.generic.ExtentReport -->
