<?xml version="1.0" encoding="UTF-8"?>
<!-- Generated by org.testng.reporters.JUnitReportReporter -->
<testsuite skipped="0" hostname="VINITGPF0TUCZM" name="readExcel.ReadAndWriteCSV" tests="1" failures="0" timestamp="01 Oct 2019 06:24:20 GMT" time="0.031" errors="0">
  <testcase name="readCSV" time="0.031" classname="readExcel.ReadAndWriteCSV"/>
</testsuite> <!-- readExcel.ReadAndWriteCSV -->
