<?xml version="1.0" encoding="UTF-8"?>
<!-- Generated by org.testng.reporters.JUnitReportReporter -->
<testsuite skipped="0" hostname="VINITGPF0TUCZM" name="com.idm.ui.Log4jJarUseInSelenium" tests="1" failures="0" timestamp="30 Sep 2019 14:39:31 GMT" time="5.726" errors="0">
  <testcase name="test" time="5.726" classname="com.idm.ui.Log4jJarUseInSelenium"/>
</testsuite> <!-- com.idm.ui.Log4jJarUseInSelenium -->
